2025-06-25T11:43:03.901+07:00  INFO 14348 --- [restartedMain] c.e.demo.MovieTicketBookingApplication   : Starting MovieTicketBookingApplication using Java 21.0.6 with PID 14348 (E:\manifest\webproject\target\classes started by pv in E:\manifest\webproject)
2025-06-25T11:43:03.904+07:00  INFO 14348 --- [restartedMain] c.e.demo.MovieTicketBookingApplication   : No active profile set, falling back to 1 default profile: "default"
2025-06-25T11:43:03.978+07:00  INFO 14348 --- [restartedMain] .e.DevToolsPropertyDefaultsPostProcessor : Devtools property defaults active! Set 'spring.devtools.add-properties' to 'false' to disable
2025-06-25T11:43:03.978+07:00  INFO 14348 --- [restartedMain] .e.DevToolsPropertyDefaultsPostProcessor : For additional web related logging consider setting the 'logging.level.web' property to 'DEBUG'
2025-06-25T11:43:05.781+07:00  INFO 14348 --- [restartedMain] .s.d.r.c.RepositoryConfigurationDelegate : Bootstrapping Spring Data JPA repositories in DEFAULT mode.
2025-06-25T11:43:05.986+07:00  INFO 14348 --- [restartedMain] .s.d.r.c.RepositoryConfigurationDelegate : Finished Spring Data repository scanning in 173 ms. Found 15 JPA repository interfaces.
2025-06-25T11:43:07.318+07:00  INFO 14348 --- [restartedMain] o.s.b.w.embedded.tomcat.TomcatWebServer  : Tomcat initialized with port 8081 (http)
2025-06-25T11:43:07.339+07:00  INFO 14348 --- [restartedMain] o.apache.catalina.core.StandardService   : Starting service [Tomcat]
2025-06-25T11:43:07.340+07:00  INFO 14348 --- [restartedMain] o.apache.catalina.core.StandardEngine    : Starting Servlet engine: [Apache Tomcat/10.1.39]
2025-06-25T11:43:07.404+07:00  INFO 14348 --- [restartedMain] o.a.c.c.C.[Tomcat].[localhost].[/]       : Initializing Spring embedded WebApplicationContext
2025-06-25T11:43:07.405+07:00  INFO 14348 --- [restartedMain] w.s.c.ServletWebServerApplicationContext : Root WebApplicationContext: initialization completed in 3425 ms
2025-06-25T11:43:08.008+07:00  INFO 14348 --- [restartedMain] o.hibernate.jpa.internal.util.LogHelper  : HHH000204: Processing PersistenceUnitInfo [name: default]
2025-06-25T11:43:08.085+07:00  INFO 14348 --- [restartedMain] org.hibernate.Version                    : HHH000412: Hibernate ORM core version 6.6.11.Final
2025-06-25T11:43:08.137+07:00  INFO 14348 --- [restartedMain] o.h.c.internal.RegionFactoryInitiator    : HHH000026: Second-level cache disabled
2025-06-25T11:43:08.530+07:00  INFO 14348 --- [restartedMain] o.s.o.j.p.SpringPersistenceUnitInfo      : No LoadTimeWeaver setup: ignoring JPA class transformer
2025-06-25T11:43:08.570+07:00  INFO 14348 --- [restartedMain] com.zaxxer.hikari.HikariDataSource       : HikariPool-1 - Starting...
2025-06-25T11:43:08.796+07:00  INFO 14348 --- [restartedMain] com.zaxxer.hikari.pool.HikariPool        : HikariPool-1 - Added connection com.mysql.cj.jdbc.ConnectionImpl@3bca60bc
2025-06-25T11:43:08.799+07:00  INFO 14348 --- [restartedMain] com.zaxxer.hikari.HikariDataSource       : HikariPool-1 - Start completed.
2025-06-25T11:43:08.923+07:00  WARN 14348 --- [restartedMain] org.hibernate.orm.deprecation            : HHH90000025: MySQLDialect does not need to be specified explicitly using 'hibernate.dialect' (remove the property setting and it will be selected by default)
2025-06-25T11:43:08.945+07:00  INFO 14348 --- [restartedMain] org.hibernate.orm.connections.pooling    : HHH10001005: Database info:
	Database JDBC URL [Connecting through datasource 'HikariDataSource (HikariPool-1)']
	Database driver: undefined/unknown
	Database version: 8.0.35
	Autocommit mode: undefined/unknown
	Isolation level: undefined/unknown
	Minimum pool size: undefined/unknown
	Maximum pool size: undefined/unknown
2025-06-25T11:43:10.923+07:00  INFO 14348 --- [restartedMain] o.h.e.t.j.p.i.JtaPlatformInitiator       : HHH000489: No JTA platform available (set 'hibernate.transaction.jta.platform' to enable JTA platform integration)
2025-06-25T11:43:11.447+07:00  INFO 14348 --- [restartedMain] j.LocalContainerEntityManagerFactoryBean : Initialized JPA EntityManagerFactory for persistence unit 'default'
2025-06-25T11:43:11.999+07:00  INFO 14348 --- [restartedMain] o.s.d.j.r.query.QueryEnhancerFactory     : Hibernate is in classpath; If applicable, HQL parser will be used.
2025-06-25T11:43:14.644+07:00  WARN 14348 --- [restartedMain] JpaBaseConfiguration$JpaWebConfiguration : spring.jpa.open-in-view is enabled by default. Therefore, database queries may be performed during view rendering. Explicitly configure spring.jpa.open-in-view to disable this warning
2025-06-25T11:43:14.716+07:00  INFO 14348 --- [restartedMain] eAuthenticationProviderManagerConfigurer : Global AuthenticationManager configured with AuthenticationProvider bean with name authenticationProvider
2025-06-25T11:43:14.717+07:00  WARN 14348 --- [restartedMain] r$InitializeUserDetailsManagerConfigurer : Global AuthenticationManager configured with an AuthenticationProvider bean. UserDetailsService beans will not be used by Spring Security for automatically configuring username/password login. Consider removing the AuthenticationProvider bean. Alternatively, consider using the UserDetailsService in a manually instantiated DaoAuthenticationProvider. If the current configuration is intentional, to turn off this warning, increase the logging level of 'org.springframework.security.config.annotation.authentication.configuration.InitializeUserDetailsBeanManagerConfigurer' to ERROR
2025-06-25T11:43:14.849+07:00  INFO 14348 --- [restartedMain] o.s.b.a.w.s.WelcomePageHandlerMapping    : Adding welcome page template: index
2025-06-25T11:43:15.086+07:00  WARN 14348 --- [restartedMain] o.s.w.s.resource.ResourceHandlerUtils    : Appended trailing slash to static resource location: file:///E:/booking/avatars/
2025-06-25T11:43:15.400+07:00  INFO 14348 --- [restartedMain] o.s.b.a.e.web.EndpointLinksResolver      : Exposing 1 endpoint beneath base path '/actuator'
2025-06-25T11:43:16.538+07:00  INFO 14348 --- [restartedMain] o.s.b.d.a.OptionalLiveReloadServer       : LiveReload server is running on port 35729
2025-06-25T11:43:16.955+07:00  INFO 14348 --- [restartedMain] o.s.b.w.embedded.tomcat.TomcatWebServer  : Tomcat started on port 8081 (http) with context path '/'
2025-06-25T11:43:16.998+07:00  INFO 14348 --- [restartedMain] c.e.demo.MovieTicketBookingApplication   : Started MovieTicketBookingApplication in 13.754 seconds (process running for 15.081)
2025-06-25T11:43:18.755+07:00  INFO 14348 --- [RMI TCP Connection(4)-127.0.0.1] o.a.c.c.C.[Tomcat].[localhost].[/]       : Initializing Spring DispatcherServlet 'dispatcherServlet'
2025-06-25T11:43:18.756+07:00  INFO 14348 --- [RMI TCP Connection(4)-127.0.0.1] o.s.web.servlet.DispatcherServlet        : Initializing Servlet 'dispatcherServlet'
2025-06-25T11:43:18.763+07:00  INFO 14348 --- [RMI TCP Connection(4)-127.0.0.1] o.s.web.servlet.DispatcherServlet        : Completed initialization in 6 ms
2025-06-25T11:43:28.764+07:00  INFO 14348 --- [http-nio-8081-exec-9] d.c.c.CustomAuthenticationSuccessHandler : Redirecting user vyhaha to /home
2025-06-25T11:43:47.703+07:00  INFO 14348 --- [http-nio-8081-exec-6] c.e.d.c.controller.CheckoutController    : Request to initiate Momo payment for Showtime ID: 11, Seats: [6, 7], Total: 100000.0
2025-06-25T11:43:47.704+07:00  INFO 14348 --- [http-nio-8081-exec-6] c.e.d.c.controller.CheckoutController    : Contact Details: Full Name: Vy tôi nhé, Email: letung031194@gmail.com, Phone: 
2025-06-25T11:43:48.488+07:00  INFO 14348 --- [http-nio-8081-exec-6] c.e.d.c.service.impl.MomoServiceImp      : MoMo API Response (Create Payment): {"responseTime":1750826628892,"resultCode":11,"message":"Quyền truy cập bị từ chối. Vui lòng liên hệ MoMo để biết thêm chi tiết."}
2025-06-25T11:43:48.502+07:00 ERROR 14348 --- [http-nio-8081-exec-6] c.e.d.c.controller.CheckoutController    : Lỗi khởi tạo thanh toán Momo: Quyền truy cập bị từ chối. Vui lòng liên hệ MoMo để biết thêm chi tiết.
2025-06-25T12:32:27.647+07:00  INFO 28612 --- [restartedMain] c.e.demo.MovieTicketBookingApplication   : Starting MovieTicketBookingApplication using Java 21.0.6 with PID 28612 (E:\manifest\webproject\target\classes started by pv in E:\manifest\webproject)
2025-06-25T12:32:27.652+07:00  INFO 28612 --- [restartedMain] c.e.demo.MovieTicketBookingApplication   : No active profile set, falling back to 1 default profile: "default"
2025-06-25T12:32:27.791+07:00  INFO 28612 --- [restartedMain] .e.DevToolsPropertyDefaultsPostProcessor : Devtools property defaults active! Set 'spring.devtools.add-properties' to 'false' to disable
2025-06-25T12:32:27.792+07:00  INFO 28612 --- [restartedMain] .e.DevToolsPropertyDefaultsPostProcessor : For additional web related logging consider setting the 'logging.level.web' property to 'DEBUG'
2025-06-25T12:32:30.169+07:00  INFO 26480 --- [restartedMain] c.e.demo.MovieTicketBookingApplication   : Starting MovieTicketBookingApplication using Java 21.0.6 with PID 26480 (E:\manifest\webproject\target\classes started by pv in E:\manifest\webproject)
2025-06-25T12:32:30.176+07:00  INFO 26480 --- [restartedMain] c.e.demo.MovieTicketBookingApplication   : No active profile set, falling back to 1 default profile: "default"
2025-06-25T12:32:30.303+07:00  INFO 26480 --- [restartedMain] .e.DevToolsPropertyDefaultsPostProcessor : Devtools property defaults active! Set 'spring.devtools.add-properties' to 'false' to disable
2025-06-25T12:32:30.303+07:00  INFO 26480 --- [restartedMain] .e.DevToolsPropertyDefaultsPostProcessor : For additional web related logging consider setting the 'logging.level.web' property to 'DEBUG'
2025-06-25T12:32:32.213+07:00  INFO 28612 --- [restartedMain] .s.d.r.c.RepositoryConfigurationDelegate : Bootstrapping Spring Data JPA repositories in DEFAULT mode.
2025-06-25T12:32:32.706+07:00  INFO 28612 --- [restartedMain] .s.d.r.c.RepositoryConfigurationDelegate : Finished Spring Data repository scanning in 465 ms. Found 15 JPA repository interfaces.
2025-06-25T12:32:34.427+07:00  INFO 26480 --- [restartedMain] .s.d.r.c.RepositoryConfigurationDelegate : Bootstrapping Spring Data JPA repositories in DEFAULT mode.
2025-06-25T12:32:34.625+07:00  INFO 26480 --- [restartedMain] .s.d.r.c.RepositoryConfigurationDelegate : Finished Spring Data repository scanning in 177 ms. Found 15 JPA repository interfaces.
2025-06-25T12:32:35.566+07:00  INFO 28612 --- [restartedMain] o.s.b.w.embedded.tomcat.TomcatWebServer  : Tomcat initialized with port 8081 (http)
2025-06-25T12:32:35.600+07:00  INFO 28612 --- [restartedMain] o.apache.catalina.core.StandardService   : Starting service [Tomcat]
2025-06-25T12:32:35.601+07:00  INFO 28612 --- [restartedMain] o.apache.catalina.core.StandardEngine    : Starting Servlet engine: [Apache Tomcat/10.1.39]
2025-06-25T12:32:35.713+07:00  INFO 28612 --- [restartedMain] o.a.c.c.C.[Tomcat].[localhost].[/]       : Initializing Spring embedded WebApplicationContext
2025-06-25T12:32:35.714+07:00  INFO 28612 --- [restartedMain] w.s.c.ServletWebServerApplicationContext : Root WebApplicationContext: initialization completed in 7919 ms
2025-06-25T12:32:37.099+07:00  INFO 28612 --- [restartedMain] o.hibernate.jpa.internal.util.LogHelper  : HHH000204: Processing PersistenceUnitInfo [name: default]
2025-06-25T12:32:37.228+07:00  INFO 28612 --- [restartedMain] org.hibernate.Version                    : HHH000412: Hibernate ORM core version 6.6.11.Final
2025-06-25T12:32:37.328+07:00  INFO 28612 --- [restartedMain] o.h.c.internal.RegionFactoryInitiator    : HHH000026: Second-level cache disabled
2025-06-25T12:32:37.426+07:00  INFO 26480 --- [restartedMain] o.s.b.w.embedded.tomcat.TomcatWebServer  : Tomcat initialized with port 8081 (http)
2025-06-25T12:32:37.463+07:00  INFO 26480 --- [restartedMain] o.apache.catalina.core.StandardService   : Starting service [Tomcat]
2025-06-25T12:32:37.463+07:00  INFO 26480 --- [restartedMain] o.apache.catalina.core.StandardEngine    : Starting Servlet engine: [Apache Tomcat/10.1.39]
2025-06-25T12:32:37.568+07:00  INFO 26480 --- [restartedMain] o.a.c.c.C.[Tomcat].[localhost].[/]       : Initializing Spring embedded WebApplicationContext
2025-06-25T12:32:37.569+07:00  INFO 26480 --- [restartedMain] w.s.c.ServletWebServerApplicationContext : Root WebApplicationContext: initialization completed in 7265 ms
2025-06-25T12:32:38.039+07:00  INFO 28612 --- [restartedMain] o.s.o.j.p.SpringPersistenceUnitInfo      : No LoadTimeWeaver setup: ignoring JPA class transformer
2025-06-25T12:32:38.107+07:00  INFO 28612 --- [restartedMain] com.zaxxer.hikari.HikariDataSource       : HikariPool-1 - Starting...
2025-06-25T12:32:38.209+07:00  INFO 26480 --- [restartedMain] o.hibernate.jpa.internal.util.LogHelper  : HHH000204: Processing PersistenceUnitInfo [name: default]
2025-06-25T12:32:38.309+07:00  INFO 26480 --- [restartedMain] org.hibernate.Version                    : HHH000412: Hibernate ORM core version 6.6.11.Final
2025-06-25T12:32:38.389+07:00  INFO 26480 --- [restartedMain] o.h.c.internal.RegionFactoryInitiator    : HHH000026: Second-level cache disabled
2025-06-25T12:32:38.466+07:00  INFO 28612 --- [restartedMain] com.zaxxer.hikari.pool.HikariPool        : HikariPool-1 - Added connection com.mysql.cj.jdbc.ConnectionImpl@2ea0f15e
2025-06-25T12:32:38.469+07:00  INFO 28612 --- [restartedMain] com.zaxxer.hikari.HikariDataSource       : HikariPool-1 - Start completed.
2025-06-25T12:32:38.597+07:00  WARN 28612 --- [restartedMain] org.hibernate.orm.deprecation            : HHH90000025: MySQLDialect does not need to be specified explicitly using 'hibernate.dialect' (remove the property setting and it will be selected by default)
2025-06-25T12:32:38.628+07:00  INFO 28612 --- [restartedMain] org.hibernate.orm.connections.pooling    : HHH10001005: Database info:
	Database JDBC URL [Connecting through datasource 'HikariDataSource (HikariPool-1)']
	Database driver: undefined/unknown
	Database version: 8.0.35
	Autocommit mode: undefined/unknown
	Isolation level: undefined/unknown
	Minimum pool size: undefined/unknown
	Maximum pool size: undefined/unknown
2025-06-25T12:32:38.863+07:00  INFO 26480 --- [restartedMain] o.s.o.j.p.SpringPersistenceUnitInfo      : No LoadTimeWeaver setup: ignoring JPA class transformer
2025-06-25T12:32:38.915+07:00  INFO 26480 --- [restartedMain] com.zaxxer.hikari.HikariDataSource       : HikariPool-1 - Starting...
2025-06-25T12:32:39.283+07:00  INFO 26480 --- [restartedMain] com.zaxxer.hikari.pool.HikariPool        : HikariPool-1 - Added connection com.mysql.cj.jdbc.ConnectionImpl@71ef33f6
2025-06-25T12:32:39.287+07:00  INFO 26480 --- [restartedMain] com.zaxxer.hikari.HikariDataSource       : HikariPool-1 - Start completed.
2025-06-25T12:32:39.370+07:00  WARN 26480 --- [restartedMain] org.hibernate.orm.deprecation            : HHH90000025: MySQLDialect does not need to be specified explicitly using 'hibernate.dialect' (remove the property setting and it will be selected by default)
2025-06-25T12:32:39.404+07:00  INFO 26480 --- [restartedMain] org.hibernate.orm.connections.pooling    : HHH10001005: Database info:
	Database JDBC URL [Connecting through datasource 'HikariDataSource (HikariPool-1)']
	Database driver: undefined/unknown
	Database version: 8.0.35
	Autocommit mode: undefined/unknown
	Isolation level: undefined/unknown
	Minimum pool size: undefined/unknown
	Maximum pool size: undefined/unknown
2025-06-25T12:32:41.166+07:00  INFO 28612 --- [restartedMain] o.h.e.t.j.p.i.JtaPlatformInitiator       : HHH000489: No JTA platform available (set 'hibernate.transaction.jta.platform' to enable JTA platform integration)
2025-06-25T12:32:42.275+07:00  INFO 26480 --- [restartedMain] o.h.e.t.j.p.i.JtaPlatformInitiator       : HHH000489: No JTA platform available (set 'hibernate.transaction.jta.platform' to enable JTA platform integration)
2025-06-25T12:32:42.348+07:00  INFO 28612 --- [restartedMain] j.LocalContainerEntityManagerFactoryBean : Initialized JPA EntityManagerFactory for persistence unit 'default'
2025-06-25T12:32:42.758+07:00  INFO 26480 --- [restartedMain] j.LocalContainerEntityManagerFactoryBean : Initialized JPA EntityManagerFactory for persistence unit 'default'
2025-06-25T12:32:43.138+07:00  INFO 28612 --- [restartedMain] o.s.d.j.r.query.QueryEnhancerFactory     : Hibernate is in classpath; If applicable, HQL parser will be used.
2025-06-25T12:32:43.500+07:00  INFO 26480 --- [restartedMain] o.s.d.j.r.query.QueryEnhancerFactory     : Hibernate is in classpath; If applicable, HQL parser will be used.
2025-06-25T12:32:48.690+07:00  WARN 28612 --- [restartedMain] JpaBaseConfiguration$JpaWebConfiguration : spring.jpa.open-in-view is enabled by default. Therefore, database queries may be performed during view rendering. Explicitly configure spring.jpa.open-in-view to disable this warning
2025-06-25T12:32:48.892+07:00  INFO 28612 --- [restartedMain] eAuthenticationProviderManagerConfigurer : Global AuthenticationManager configured with AuthenticationProvider bean with name authenticationProvider
2025-06-25T12:32:48.893+07:00  WARN 28612 --- [restartedMain] r$InitializeUserDetailsManagerConfigurer : Global AuthenticationManager configured with an AuthenticationProvider bean. UserDetailsService beans will not be used by Spring Security for automatically configuring username/password login. Consider removing the AuthenticationProvider bean. Alternatively, consider using the UserDetailsService in a manually instantiated DaoAuthenticationProvider. If the current configuration is intentional, to turn off this warning, increase the logging level of 'org.springframework.security.config.annotation.authentication.configuration.InitializeUserDetailsBeanManagerConfigurer' to ERROR
2025-06-25T12:32:49.124+07:00  WARN 26480 --- [restartedMain] JpaBaseConfiguration$JpaWebConfiguration : spring.jpa.open-in-view is enabled by default. Therefore, database queries may be performed during view rendering. Explicitly configure spring.jpa.open-in-view to disable this warning
2025-06-25T12:32:49.142+07:00  INFO 28612 --- [restartedMain] o.s.b.a.w.s.WelcomePageHandlerMapping    : Adding welcome page template: index
2025-06-25T12:32:49.289+07:00  INFO 26480 --- [restartedMain] eAuthenticationProviderManagerConfigurer : Global AuthenticationManager configured with AuthenticationProvider bean with name authenticationProvider
2025-06-25T12:32:49.290+07:00  WARN 26480 --- [restartedMain] r$InitializeUserDetailsManagerConfigurer : Global AuthenticationManager configured with an AuthenticationProvider bean. UserDetailsService beans will not be used by Spring Security for automatically configuring username/password login. Consider removing the AuthenticationProvider bean. Alternatively, consider using the UserDetailsService in a manually instantiated DaoAuthenticationProvider. If the current configuration is intentional, to turn off this warning, increase the logging level of 'org.springframework.security.config.annotation.authentication.configuration.InitializeUserDetailsBeanManagerConfigurer' to ERROR
2025-06-25T12:32:49.573+07:00  WARN 28612 --- [restartedMain] o.s.w.s.resource.ResourceHandlerUtils    : Appended trailing slash to static resource location: file:///E:/booking/avatars/
2025-06-25T12:32:49.602+07:00  INFO 26480 --- [restartedMain] o.s.b.a.w.s.WelcomePageHandlerMapping    : Adding welcome page template: index
2025-06-25T12:32:49.919+07:00  WARN 26480 --- [restartedMain] o.s.w.s.resource.ResourceHandlerUtils    : Appended trailing slash to static resource location: file:///E:/booking/avatars/
2025-06-25T12:32:50.162+07:00  INFO 28612 --- [restartedMain] o.s.b.a.e.web.EndpointLinksResolver      : Exposing 1 endpoint beneath base path '/actuator'
2025-06-25T12:32:50.463+07:00  INFO 26480 --- [restartedMain] o.s.b.a.e.web.EndpointLinksResolver      : Exposing 1 endpoint beneath base path '/actuator'
2025-06-25T12:32:51.990+07:00  INFO 28612 --- [restartedMain] o.s.b.d.a.OptionalLiveReloadServer       : LiveReload server is running on port 35729
2025-06-25T12:32:52.212+07:00  INFO 28612 --- [restartedMain] o.s.b.w.embedded.tomcat.TomcatWebServer  : Tomcat started on port 8081 (http) with context path '/'
2025-06-25T12:32:52.244+07:00  WARN 26480 --- [restartedMain] o.s.b.d.a.OptionalLiveReloadServer       : Unable to start LiveReload server
2025-06-25T12:32:52.263+07:00  INFO 28612 --- [restartedMain] c.e.demo.MovieTicketBookingApplication   : Started MovieTicketBookingApplication in 26.196 seconds (process running for 28.158)
2025-06-25T12:32:52.458+07:00  WARN 26480 --- [restartedMain] ConfigServletWebServerApplicationContext : Exception encountered during context initialization - cancelling refresh attempt: org.springframework.context.ApplicationContextException: Failed to start bean 'webServerStartStop'
2025-06-25T12:32:52.473+07:00  INFO 28612 --- [http-nio-8081-exec-1] o.a.c.c.C.[Tomcat].[localhost].[/]       : Initializing Spring DispatcherServlet 'dispatcherServlet'
2025-06-25T12:32:52.474+07:00  INFO 28612 --- [http-nio-8081-exec-1] o.s.web.servlet.DispatcherServlet        : Initializing Servlet 'dispatcherServlet'
2025-06-25T12:32:52.477+07:00  INFO 26480 --- [restartedMain] j.LocalContainerEntityManagerFactoryBean : Closing JPA EntityManagerFactory for persistence unit 'default'
2025-06-25T12:32:52.479+07:00  INFO 28612 --- [http-nio-8081-exec-1] o.s.web.servlet.DispatcherServlet        : Completed initialization in 4 ms
2025-06-25T12:32:52.487+07:00  INFO 26480 --- [restartedMain] com.zaxxer.hikari.HikariDataSource       : HikariPool-1 - Shutdown initiated...
2025-06-25T12:32:52.504+07:00  INFO 26480 --- [restartedMain] com.zaxxer.hikari.HikariDataSource       : HikariPool-1 - Shutdown completed.
2025-06-25T12:32:52.553+07:00  INFO 26480 --- [restartedMain] .s.b.a.l.ConditionEvaluationReportLogger : 

Error starting ApplicationContext. To display the condition evaluation report re-run your application with 'debug' enabled.
2025-06-25T12:32:52.619+07:00 ERROR 26480 --- [restartedMain] o.s.b.d.LoggingFailureAnalysisReporter   : 

***************************
APPLICATION FAILED TO START
***************************

Description:

Web server failed to start. Port 8081 was already in use.

Action:

Identify and stop the process that's listening on port 8081 or configure this application to listen on another port.

2025-06-25T12:32:58.856+07:00  INFO 28612 --- [http-nio-8081-exec-10] d.c.c.CustomAuthenticationSuccessHandler : Redirecting user vyhaha to /home
2025-06-25T12:33:21.512+07:00  INFO 28612 --- [http-nio-8081-exec-5] c.e.d.c.controller.CheckoutController    : Request to initiate Momo payment for Showtime ID: 11, Seats: [14, 15], Total: 100000.0
2025-06-25T12:33:21.514+07:00  INFO 28612 --- [http-nio-8081-exec-5] c.e.d.c.controller.CheckoutController    : Contact Details: Full Name: Vy tôi nhé, Email: letung031194@gmail.com, Phone: 
2025-06-25T12:33:22.752+07:00  INFO 28612 --- [http-nio-8081-exec-5] c.e.d.c.service.impl.MomoServiceImp      : MoMo API Response (Create Payment): {"responseTime":1750829603211,"resultCode":11,"message":"Quyền truy cập bị từ chối. Vui lòng liên hệ MoMo để biết thêm chi tiết."}
2025-06-25T12:33:22.765+07:00 ERROR 28612 --- [http-nio-8081-exec-5] c.e.d.c.controller.CheckoutController    : Lỗi khởi tạo thanh toán Momo: Quyền truy cập bị từ chối. Vui lòng liên hệ MoMo để biết thêm chi tiết.
